<?xml version="1.0" encoding="UTF-8"?>
<testsuite name="com.cincinnatiai.grinchwalker.ExampleUnitTest" tests="1" skipped="0" failures="0" errors="0" timestamp="2019-12-10T22:20:10" hostname="Nicholass-MacBook-Pro-2.local" time="0.001">
  <properties/>
  <testcase name="addition_isCorrect" classname="com.cincinnatiai.grinchwalker.ExampleUnitTest" time="0.001"/>
  <system-out><![CDATA[]]></system-out>
  <system-err><![CDATA[]]></system-err>
</testsuite>
